<?xml version="1.0" encoding="UTF-8"?>
<!-- Generated by org.testng.reporters.JUnitReportReporter -->
<testsuite hostname="DESKTOP-IK4411D" failures="0" tests="1" name="com.endpoint.EndPoint2" time="3.034" errors="0" timestamp="26 Dec 2022 04:40:13 GMT" skipped="0">
  <testcase classname="com.endpoint.EndPoint2" name="getUser" time="3.034"/>
</testsuite> <!-- com.endpoint.EndPoint2 -->
