<?xml version="1.0" encoding="UTF-8"?>
<!-- Generated by org.testng.reporters.JUnitReportReporter -->
<testsuite hostname="DESKTOP-IK4411D" failures="0" tests="4" name="com.endpoint.EndPointTask" time="4.130" errors="0" timestamp="24 Dec 2022 04:58:23 GMT" skipped="0">
  <testcase classname="com.endpoint.EndPointTask" name="getAllUsers" time="1.914"/>
  <testcase classname="com.endpoint.EndPointTask" name="createUser" time="0.691"/>
  <testcase classname="com.endpoint.EndPointTask" name="updateUser" time="0.818"/>
  <testcase classname="com.endpoint.EndPointTask" name="deleteUser" time="0.707"/>
</testsuite> <!-- com.endpoint.EndPointTask -->
