<?xml version="1.0" encoding="UTF-8"?>
<!-- Generated by org.testng.reporters.JUnitReportReporter -->
<testsuite hostname="DESKTOP-IK4411D" failures="0" tests="1" name="com.endpoint.EndPoint3" time="3.553" errors="0" timestamp="02 Jan 2023 08:37:46 GMT" skipped="0">
  <testcase classname="com.endpoint.EndPoint3" name="login" time="3.553"/>
</testsuite> <!-- com.endpoint.EndPoint3 -->
